<?xml version="1.0" encoding="UTF-8"?>
<!-- Generated by org.testng.reporters.JUnitReportReporter -->
<testsuite hostname="IN-PG02P5S6" failures="0" tests="2" name="com.Selenium_assignment.tests.ChooseLanguageTest" time="4.309" errors="0" timestamp="2022-03-05T15:36:50 IST" skipped="0">
  <testcase classname="com.Selenium_assignment.tests.ChooseLanguageTest" name="ChooseHindiLanguage" time="1.909"/>
  <system-out/>
  <testcase classname="com.Selenium_assignment.tests.ChooseLanguageTest" name="ChooseEnglishLanguage" time="2.400"/>
  <system-out/>
</testsuite> <!-- com.Selenium_assignment.tests.ChooseLanguageTest -->
