<?xml version="1.0" encoding="UTF-8"?>
<!-- Generated by org.testng.reporters.JUnitReportReporter -->
<testsuite hostname="IN-PG02P5S6" failures="0" tests="1" name="com.Selenium_assignment.tests.HomePageTest" time="0.000" errors="0" timestamp="29 May 2022 06:49:52 GMT" skipped="1">
  <testcase classname="com.Selenium_assignment.tests.HomePageTest" name="testAmazonLogo" time="0.000">
    <skipped/>
  </testcase> <!-- testAmazonLogo -->
</testsuite> <!-- com.Selenium_assignment.tests.HomePageTest -->
